<?xml version="1.0" encoding="UTF-8"?>
<testsuite name="me.spica27.spicamusic.common.entity.appstore.PatchManifestParserTest" tests="2" skipped="0" failures="0" errors="0" timestamp="2026-08-28T03:09:51.851Z" hostname="all-in-one-64-m9xng" time="0.003">
  <properties/>
  <testcase name="parse patch manifest with full fields" classname="me.spica27.spicamusic.common.entity.appstore.PatchManifestParserTest" time="0.002"/>
  <testcase name="parse sparse patch manifest" classname="me.spica27.spicamusic.common.entity.appstore.PatchManifestParserTest" time="0.001"/>
  <system-out><![CDATA[]]></system-out>
  <system-err><![CDATA[]]></system-err>
</testsuite>
