<?xml version="1.0" encoding="UTF-8"?>
<testsuite name="me.spica27.spicamusic.common.entity.appstore.AppIndexParserTest" tests="5" skipped="0" failures="0" errors="0" timestamp="2026-08-28T03:09:51.656Z" hostname="all-in-one-64-m9xng" time="0.174">
  <properties/>
  <testcase name="missing version falls back to blanks" classname="me.spica27.spicamusic.common.entity.appstore.AppIndexParserTest" time="0.117"/>
  <testcase name="parseV2 rewrites icon id to local asset path and reads iconBlurhash" classname="me.spica27.spicamusic.common.entity.appstore.AppIndexParserTest" time="0.002"/>
  <testcase name="parse index json with two apps and full fields" classname="me.spica27.spicamusic.common.entity.appstore.AppIndexParserTest" time="0.041"/>
  <testcase name="parse empty index" classname="me.spica27.spicamusic.common.entity.appstore.AppIndexParserTest" time="0.001"/>
  <testcase name="parseV2 keeps http and assets prefixed icons untouched" classname="me.spica27.spicamusic.common.entity.appstore.AppIndexParserTest" time="0.0"/>
  <system-out><![CDATA[]]></system-out>
  <system-err><![CDATA[]]></system-err>
</testsuite>
